cubeRamp/Library/PramData/AndroidApplicationController/Cache/com.DefaultCompany.cubeRamp/gradle-project/unityLibrary/build/intermediates/manifest_merge_blame_file/debug/manifest-merger-blame-debug-report.txt
1<?xml version="1.0" encoding="utf-8"?>
2<manifest xmlns:android="http://schemas.android.com/apk/res/android"
3    xmlns:tools="http://schemas.android.com/tools"
4    package="com.unity3d.player"
5    android:installLocation="auto" >
6
7    <uses-sdk
8        android:minSdkVersion="29"
8-->src\main\AndroidManifest.xml
9        android:targetSdkVersion="32" />
9-->src\main\AndroidManifest.xml
10
11    <uses-permission android:name="android.permission.INTERNET" />
11-->src\main\AndroidManifest.xml:3:3-65
11-->src\main\AndroidManifest.xml:3:20-62
12    <uses-permission android:name="android.permission.ACCESS_NETWORK_STATE" />
12-->src\main\AndroidManifest.xml:4:3-77
12-->src\main\AndroidManifest.xml:4:20-74
13    <uses-permission android:name="android.permission.RECORD_AUDIO" />
13-->src\main\AndroidManifest.xml:5:3-69
13-->src\main\AndroidManifest.xml:5:20-66
14    <uses-permission android:name="android.permission.MODIFY_AUDIO_SETTINGS" />
14-->src\main\AndroidManifest.xml:6:3-78
14-->src\main\AndroidManifest.xml:6:20-75
15
16    <uses-feature android:glEsVersion="0x00030000" />
16-->src\main\AndroidManifest.xml:7:3-52
16-->src\main\AndroidManifest.xml:7:17-49
17    <uses-feature
17-->src\main\AndroidManifest.xml:8:3-91
18        android:name="android.hardware.vulkan.version"
18-->src\main\AndroidManifest.xml:8:17-63
19        android:required="false" />
19-->src\main\AndroidManifest.xml:8:64-88
20    <uses-feature
20-->src\main\AndroidManifest.xml:9:3-87
21        android:name="android.hardware.microphone"
21-->src\main\AndroidManifest.xml:9:17-59
22        android:required="false" />
22-->src\main\AndroidManifest.xml:9:60-84
23    <uses-feature
23-->src\main\AndroidManifest.xml:10:3-88
24        android:name="android.hardware.touchscreen"
24-->src\main\AndroidManifest.xml:10:17-60
25        android:required="false" />
25-->src\main\AndroidManifest.xml:10:61-85
26    <uses-feature
26-->src\main\AndroidManifest.xml:11:3-99
27        android:name="android.hardware.touchscreen.multitouch"
27-->src\main\AndroidManifest.xml:11:17-71
28        android:required="false" />
28-->src\main\AndroidManifest.xml:11:72-96
29    <uses-feature
29-->src\main\AndroidManifest.xml:12:3-108
30        android:name="android.hardware.touchscreen.multitouch.distinct"
30-->src\main\AndroidManifest.xml:12:17-80
31        android:required="false" />
31-->src\main\AndroidManifest.xml:12:81-105
32    <uses-feature
32-->src\main\AndroidManifest.xml:37:3-111
33        android:name="android.hardware.vr.headtracking"
33-->src\main\AndroidManifest.xml:37:17-64
34        android:required="true"
34-->src\main\AndroidManifest.xml:37:85-108
35        android:version="1" />
35-->src\main\AndroidManifest.xml:37:65-84
36    <uses-feature
36-->src\main\AndroidManifest.xml:38:3-87
37        android:name="oculus.software.handtracking"
37-->src\main\AndroidManifest.xml:38:17-60
38        android:required="true" />
38-->src\main\AndroidManifest.xml:38:61-84
39
40    <uses-permission android:name="com.oculus.permission.HAND_TRACKING" />
40-->src\main\AndroidManifest.xml:39:3-73
40-->src\main\AndroidManifest.xml:39:20-70
41
42    <uses-feature
42-->src\main\AndroidManifest.xml:40:3-90
43        android:name="com.oculus.feature.PASSTHROUGH"
43-->src\main\AndroidManifest.xml:40:17-62
44        android:required="false" />
44-->src\main\AndroidManifest.xml:40:63-87
45
46    <application
46-->src\main\AndroidManifest.xml:13:3-36:17
47        android:allowBackup="false"
47-->src\main\AndroidManifest.xml:13:114-141
48        android:extractNativeLibs="true"
48-->src\main\AndroidManifest.xml:13:16-48
49        android:icon="@mipmap/app_icon"
49-->src\main\AndroidManifest.xml:13:82-113
50        android:label="@string/app_name"
50-->src\main\AndroidManifest.xml:13:49-81
51        android:networkSecurityConfig="@xml/network_sec_config" >
51-->src\main\AndroidManifest.xml:13:142-197
52        <meta-data
52-->src\main\AndroidManifest.xml:14:5-69
53            android:name="unity.splash-mode"
53-->src\main\AndroidManifest.xml:14:16-48
54            android:value="0" />
54-->src\main\AndroidManifest.xml:14:49-66
55        <meta-data
55-->src\main\AndroidManifest.xml:15:5-74
56            android:name="unity.splash-enable"
56-->src\main\AndroidManifest.xml:15:16-50
57            android:value="True" />
57-->src\main\AndroidManifest.xml:15:51-71
58        <meta-data
58-->src\main\AndroidManifest.xml:16:5-78
59            android:name="unity.launch-fullscreen"
59-->src\main\AndroidManifest.xml:16:16-54
60            android:value="True" />
60-->src\main\AndroidManifest.xml:16:55-75
61        <meta-data
61-->src\main\AndroidManifest.xml:17:5-84
62            android:name="unity.allow-resizable-window"
62-->src\main\AndroidManifest.xml:17:16-59
63            android:value="False" />
63-->src\main\AndroidManifest.xml:17:60-81
64        <meta-data
64-->src\main\AndroidManifest.xml:18:5-81
65            android:name="notch.config"
65-->src\main\AndroidManifest.xml:18:16-43
66            android:value="portrait|landscape" />
66-->src\main\AndroidManifest.xml:18:44-78
67        <meta-data
67-->src\main\AndroidManifest.xml:19:5-84
68            android:name="unity.auto-report-fully-drawn"
68-->src\main\AndroidManifest.xml:19:16-60
69            android:value="true" />
69-->src\main\AndroidManifest.xml:19:61-81
70
71        <activity
71-->src\main\AndroidManifest.xml:20:5-29:16
72            android:name="com.unity3d.player.UnityPlayerActivity"
72-->src\main\AndroidManifest.xml:20:15-68
73            android:configChanges="keyboard|keyboardHidden|navigation|orientation|screenLayout|screenSize|uiMode|density"
73-->src\main\AndroidManifest.xml:20:204-313
74            android:exported="true"
74-->src\main\AndroidManifest.xml:20:385-408
75            android:hardwareAccelerated="false"
75-->src\main\AndroidManifest.xml:20:349-384
76            android:launchMode="singleTask"
76-->src\main\AndroidManifest.xml:20:172-203
77            android:resizeableActivity="false"
77-->src\main\AndroidManifest.xml:20:314-348
78            android:screenOrientation="landscape"
78-->src\main\AndroidManifest.xml:20:134-171
79            android:theme="@android:style/Theme.Black.NoTitleBar.Fullscreen" >
79-->src\main\AndroidManifest.xml:20:69-133
80            <intent-filter>
80-->src\main\AndroidManifest.xml:21:7-25:23
81                <category android:name="android.intent.category.LAUNCHER" />
81-->src\main\AndroidManifest.xml:22:9-69
81-->src\main\AndroidManifest.xml:22:19-66
82
83                <action android:name="android.intent.action.MAIN" />
83-->src\main\AndroidManifest.xml:23:9-61
83-->src\main\AndroidManifest.xml:23:17-58
84
85                <category android:name="com.oculus.intent.category.VR" />
85-->src\main\AndroidManifest.xml:24:9-66
85-->src\main\AndroidManifest.xml:24:19-63
86            </intent-filter>
87
88            <meta-data
88-->src\main\AndroidManifest.xml:26:7-82
89                android:name="unityplayer.UnityActivity"
89-->src\main\AndroidManifest.xml:26:18-58
90                android:value="true" />
90-->src\main\AndroidManifest.xml:26:59-79
91            <meta-data
91-->src\main\AndroidManifest.xml:27:7-70
92                android:name="notch_support"
92-->src\main\AndroidManifest.xml:27:18-46
93                android:value="true" />
93-->src\main\AndroidManifest.xml:27:47-67
94            <meta-data
94-->src\main\AndroidManifest.xml:28:7-81
95                android:name="com.oculus.vr.focusaware"
95-->src\main\AndroidManifest.xml:28:18-57
96                android:value="true" />
96-->src\main\AndroidManifest.xml:28:58-78
97        </activity>
98
99        <meta-data
99-->src\main\AndroidManifest.xml:30:5-87
100            android:name="com.oculus.handtracking.frequency"
100-->src\main\AndroidManifest.xml:30:16-64
101            android:value="LOW" />
101-->src\main\AndroidManifest.xml:30:65-84
102        <meta-data
102-->src\main\AndroidManifest.xml:31:5-97
103            android:name="com.samsung.android.vr.application.mode"
103-->src\main\AndroidManifest.xml:31:16-70
104            android:value="vr_only" />
104-->src\main\AndroidManifest.xml:31:71-94
105        <meta-data
105-->src\main\AndroidManifest.xml:32:5-91
106            android:name="com.unity.xr.oculus.LowOverheadMode"
106-->src\main\AndroidManifest.xml:32:16-66
107            android:value="false" />
107-->src\main\AndroidManifest.xml:32:67-88
108        <meta-data
108-->src\main\AndroidManifest.xml:33:5-88
109            android:name="com.unity.xr.oculus.LateLatching"
109-->src\main\AndroidManifest.xml:33:16-63
110            android:value="false" />
110-->src\main\AndroidManifest.xml:33:64-85
111        <meta-data
111-->src\main\AndroidManifest.xml:34:5-93
112            android:name="com.unity.xr.oculus.LateLatchingDebug"
112-->src\main\AndroidManifest.xml:34:16-68
113            android:value="false" />
113-->src\main\AndroidManifest.xml:34:69-90
114        <meta-data
114-->src\main\AndroidManifest.xml:35:5-92
115            android:name="com.oculus.supportedDevices"
115-->src\main\AndroidManifest.xml:35:16-58
116            android:value="quest2|cambria" />
116-->src\main\AndroidManifest.xml:35:59-89
117    </application>
118
119</manifest>